2023-12-22 03:22:01 [::1][4][t75hahpc99fsl3lmu60lg1fqvv][error][yii\web\HttpException:403] yii\web\ForbiddenHttpException: You are not allowed to perform this action. in C:\wamp64\www\ptweb\vendor\yiisoft\yii2\filters\AccessControl.php:158
Stack trace:
#0 C:\wamp64\www\ptweb\vendor\yiisoft\yii2\filters\AccessControl.php(140): yii\filters\AccessControl->denyAccess(Object(yii\web\User))
#1 C:\wamp64\www\ptweb\vendor\yiisoft\yii2\base\ActionFilter.php(77): yii\filters\AccessControl->beforeAction(Object(yii\base\InlineAction))
#2 [internal function]: yii\base\ActionFilter->beforeFilter(Object(yii\base\ActionEvent))
#3 C:\wamp64\www\ptweb\vendor\yiisoft\yii2\base\Component.php(633): call_user_func(Array, Object(yii\base\ActionEvent))
#4 C:\wamp64\www\ptweb\vendor\yiisoft\yii2\base\Module.php(724): yii\base\Component->trigger('beforeAction', Object(yii\base\ActionEvent))
#5 C:\wamp64\www\ptweb\vendor\yiisoft\yii2\base\Controller.php(166): yii\base\Module->beforeAction(Object(yii\base\InlineAction))
#6 C:\wamp64\www\ptweb\vendor\yiisoft\yii2\base\Module.php(552): yii\base\Controller->runAction('toolbar', Array)
#7 C:\wamp64\www\ptweb\vendor\yiisoft\yii2\web\Application.php(103): yii\base\Module->runAction('debug/default/t...', Array)
#8 C:\wamp64\www\ptweb\vendor\yiisoft\yii2\base\Application.php(385): yii\web\Application->handleRequest(Object(yii\web\Request))
#9 C:\wamp64\www\ptweb\web\index.php(12): yii\base\Application->run()
#10 {main}
2023-12-22 03:22:01 [::1][4][t75hahpc99fsl3lmu60lg1fqvv][info][application] $_GET = [
    'r' => 'debug/default/toolbar'
    'tag' => '658500d967472'
]

$_POST = []

$_FILES = []

$_COOKIE = [
    'sidebar-collapse' => 'false'
    'PHPSESSID' => 't75hahpc99fsl3lmu60lg1fqvv'
    '_identity' => 'd84da8241bcdd26ef5b90a6cf77d2bad3d1822af5a76ca667eb524e4ef46d9fba:2:{i:0;s:9:\"_identity\";i:1;s:16:\"[4,null,2592000]\";}'
    '_csrf' => 'dc1c74d11cc1a41dbe3f720937e200b972506068f02073cfa7558a2841657a37a:2:{i:0;s:5:\"_csrf\";i:1;s:32:\"hOBZV6OlorV2TFiZ99LaCPINFzjM0mQl\";}'
]

$_SESSION = [
    '__flash' => []
    '__returnUrl' => 'http://localhost/ptweb/web/index.php?r=site%2Fuser-profile&id=1'
    '__id' => 4
    '__authKey' => null
]

$_SERVER = [
    'HTTP_HOST' => 'localhost'
    'HTTP_CONNECTION' => 'keep-alive'
    'HTTP_SEC_CH_UA' => '\"Not_A Brand\";v=\"8\", \"Chromium\";v=\"120\", \"Google Chrome\";v=\"120\"'
    'HTTP_ACCEPT' => 'text/html'
    'HTTP_X_REQUESTED_WITH' => 'XMLHttpRequest'
    'HTTP_SEC_CH_UA_MOBILE' => '?0'
    'HTTP_USER_AGENT' => 'Mozilla/5.0 (Windows NT 10.0; Win64; x64) AppleWebKit/537.36 (KHTML, like Gecko) Chrome/120.0.0.0 Safari/537.36'
    'HTTP_SEC_CH_UA_PLATFORM' => '\"Windows\"'
    'HTTP_SEC_FETCH_SITE' => 'same-origin'
    'HTTP_SEC_FETCH_MODE' => 'cors'
    'HTTP_SEC_FETCH_DEST' => 'empty'
    'HTTP_REFERER' => 'http://localhost/ptweb/web/index.php'
    'HTTP_ACCEPT_ENCODING' => 'gzip, deflate, br'
    'HTTP_ACCEPT_LANGUAGE' => 'vi-VN,vi;q=0.9,fr-FR;q=0.8,fr;q=0.7,en-US;q=0.6,en;q=0.5'
    'HTTP_COOKIE' => 'sidebar-collapse=false; PHPSESSID=t75hahpc99fsl3lmu60lg1fqvv; _identity=d84da8241bcdd26ef5b90a6cf77d2bad3d1822af5a76ca667eb524e4ef46d9fba%3A2%3A%7Bi%3A0%3Bs%3A9%3A%22_identity%22%3Bi%3A1%3Bs%3A16%3A%22%5B4%2Cnull%2C2592000%5D%22%3B%7D; _csrf=dc1c74d11cc1a41dbe3f720937e200b972506068f02073cfa7558a2841657a37a%3A2%3A%7Bi%3A0%3Bs%3A5%3A%22_csrf%22%3Bi%3A1%3Bs%3A32%3A%22hOBZV6OlorV2TFiZ99LaCPINFzjM0mQl%22%3B%7D'
    'PATH' => 'C:\\Program Files (x86)\\VMware\\VMware Workstation\\bin\\;C:\\Program Files\\Common Files\\Oracle\\Java\\javapath;C:\\Windows\\system32;C:\\Windows;C:\\Windows\\System32\\Wbem;C:\\Windows\\System32\\WindowsPowerShell\\v1.0\\;C:\\Windows\\System32\\OpenSSH\\;C:\\Program Files (x86)\\NVIDIA Corporation\\PhysX\\Common;C:\\Program Files\\NVIDIA Corporation\\NVIDIA NvDLISR;C:\\WINDOWS\\system32;C:\\WINDOWS;C:\\WINDOWS\\System32\\Wbem;C:\\WINDOWS\\System32\\WindowsPowerShell\\v1.0\\;C:\\WINDOWS\\System32\\OpenSSH\\;C:\\ProgramData\\chocolatey\\bin;C:\\Program Files\\Git\\cmd;C:\\Program Files\\nodejs\\;C:\\Program Files\\Polyspace\\R2021a\\runtime\\win64;C:\\Program Files\\Polyspace\\R2021a\\bin;C:\\Program Files\\Polyspace\\R2021a\\polyspace\\bin;C:\\wamp64\\bin\\php\\php8.0.26;C:\\composer;C:\\WINDOWS\\system32\\config\\systemprofile\\AppData\\Local\\Microsoft\\WindowsApps'
    'SystemRoot' => 'C:\\WINDOWS'
    'COMSPEC' => 'C:\\WINDOWS\\system32\\cmd.exe'
    'PATHEXT' => '.COM;.EXE;.BAT;.CMD;.VBS;.VBE;.JS;.JSE;.WSF;.WSH;.MSC'
    'WINDIR' => 'C:\\WINDOWS'
    'SERVER_SIGNATURE' => '<address>Apache/2.4.54 (Win64) PHP/8.0.26 mod_fcgid/2.3.10-dev Server at localhost Port 80</address>
'
    'SERVER_SOFTWARE' => 'Apache/2.4.54 (Win64) PHP/8.0.26 mod_fcgid/2.3.10-dev'
    'SERVER_NAME' => 'localhost'
    'SERVER_ADDR' => '::1'
    'SERVER_PORT' => '80'
    'REMOTE_ADDR' => '::1'
    'DOCUMENT_ROOT' => 'C:/wamp64/www'
    'REQUEST_SCHEME' => 'http'
    'CONTEXT_PREFIX' => ''
    'CONTEXT_DOCUMENT_ROOT' => 'C:/wamp64/www'
    'SERVER_ADMIN' => 'wampserver@wampserver.invalid'
    'SCRIPT_FILENAME' => 'C:/wamp64/www/ptweb/web/index.php'
    'REMOTE_PORT' => '65231'
    'GATEWAY_INTERFACE' => 'CGI/1.1'
    'SERVER_PROTOCOL' => 'HTTP/1.1'
    'REQUEST_METHOD' => 'GET'
    'QUERY_STRING' => 'r=debug%2Fdefault%2Ftoolbar&tag=658500d967472'
    'REQUEST_URI' => '/ptweb/web/index.php?r=debug%2Fdefault%2Ftoolbar&tag=658500d967472'
    'SCRIPT_NAME' => '/ptweb/web/index.php'
    'PHP_SELF' => '/ptweb/web/index.php'
    'REQUEST_TIME_FLOAT' => 1703215321.5704
    'REQUEST_TIME' => 1703215321
]
2023-12-22 03:22:03 [::1][4][t75hahpc99fsl3lmu60lg1fqvv][error][yii\web\HttpException:403] yii\web\ForbiddenHttpException: You are not allowed to perform this action. in C:\wamp64\www\ptweb\vendor\yiisoft\yii2\filters\AccessControl.php:158
Stack trace:
#0 C:\wamp64\www\ptweb\vendor\yiisoft\yii2\filters\AccessControl.php(140): yii\filters\AccessControl->denyAccess(Object(yii\web\User))
#1 C:\wamp64\www\ptweb\vendor\yiisoft\yii2\base\ActionFilter.php(77): yii\filters\AccessControl->beforeAction(Object(yii\base\InlineAction))
#2 [internal function]: yii\base\ActionFilter->beforeFilter(Object(yii\base\ActionEvent))
#3 C:\wamp64\www\ptweb\vendor\yiisoft\yii2\base\Component.php(633): call_user_func(Array, Object(yii\base\ActionEvent))
#4 C:\wamp64\www\ptweb\vendor\yiisoft\yii2\base\Module.php(724): yii\base\Component->trigger('beforeAction', Object(yii\base\ActionEvent))
#5 C:\wamp64\www\ptweb\vendor\yiisoft\yii2\base\Controller.php(166): yii\base\Module->beforeAction(Object(yii\base\InlineAction))
#6 C:\wamp64\www\ptweb\vendor\yiisoft\yii2\base\Module.php(552): yii\base\Controller->runAction('toolbar', Array)
#7 C:\wamp64\www\ptweb\vendor\yiisoft\yii2\web\Application.php(103): yii\base\Module->runAction('debug/default/t...', Array)
#8 C:\wamp64\www\ptweb\vendor\yiisoft\yii2\base\Application.php(385): yii\web\Application->handleRequest(Object(yii\web\Request))
#9 C:\wamp64\www\ptweb\web\index.php(12): yii\base\Application->run()
#10 {main}
2023-12-22 03:22:03 [::1][4][t75hahpc99fsl3lmu60lg1fqvv][info][application] $_GET = [
    'r' => 'debug/default/toolbar'
    'tag' => '658500db3c67d'
]

$_POST = []

$_FILES = []

$_COOKIE = [
    'sidebar-collapse' => 'false'
    'PHPSESSID' => 't75hahpc99fsl3lmu60lg1fqvv'
    '_identity' => 'd84da8241bcdd26ef5b90a6cf77d2bad3d1822af5a76ca667eb524e4ef46d9fba:2:{i:0;s:9:\"_identity\";i:1;s:16:\"[4,null,2592000]\";}'
    '_csrf' => 'dc1c74d11cc1a41dbe3f720937e200b972506068f02073cfa7558a2841657a37a:2:{i:0;s:5:\"_csrf\";i:1;s:32:\"hOBZV6OlorV2TFiZ99LaCPINFzjM0mQl\";}'
]

$_SESSION = [
    '__flash' => []
    '__returnUrl' => 'http://localhost/ptweb/web/index.php?r=site%2Fuser-profile&id=1'
    '__id' => 4
    '__authKey' => null
]

$_SERVER = [
    'HTTP_HOST' => 'localhost'
    'HTTP_CONNECTION' => 'keep-alive'
    'HTTP_SEC_CH_UA' => '\"Not_A Brand\";v=\"8\", \"Chromium\";v=\"120\", \"Google Chrome\";v=\"120\"'
    'HTTP_ACCEPT' => 'text/html'
    'HTTP_X_REQUESTED_WITH' => 'XMLHttpRequest'
    'HTTP_SEC_CH_UA_MOBILE' => '?0'
    'HTTP_USER_AGENT' => 'Mozilla/5.0 (Windows NT 10.0; Win64; x64) AppleWebKit/537.36 (KHTML, like Gecko) Chrome/120.0.0.0 Safari/537.36'
    'HTTP_SEC_CH_UA_PLATFORM' => '\"Windows\"'
    'HTTP_SEC_FETCH_SITE' => 'same-origin'
    'HTTP_SEC_FETCH_MODE' => 'cors'
    'HTTP_SEC_FETCH_DEST' => 'empty'
    'HTTP_REFERER' => 'http://localhost/ptweb/web/index.php'
    'HTTP_ACCEPT_ENCODING' => 'gzip, deflate, br'
    'HTTP_ACCEPT_LANGUAGE' => 'vi-VN,vi;q=0.9,fr-FR;q=0.8,fr;q=0.7,en-US;q=0.6,en;q=0.5'
    'HTTP_COOKIE' => 'sidebar-collapse=false; PHPSESSID=t75hahpc99fsl3lmu60lg1fqvv; _identity=d84da8241bcdd26ef5b90a6cf77d2bad3d1822af5a76ca667eb524e4ef46d9fba%3A2%3A%7Bi%3A0%3Bs%3A9%3A%22_identity%22%3Bi%3A1%3Bs%3A16%3A%22%5B4%2Cnull%2C2592000%5D%22%3B%7D; _csrf=dc1c74d11cc1a41dbe3f720937e200b972506068f02073cfa7558a2841657a37a%3A2%3A%7Bi%3A0%3Bs%3A5%3A%22_csrf%22%3Bi%3A1%3Bs%3A32%3A%22hOBZV6OlorV2TFiZ99LaCPINFzjM0mQl%22%3B%7D'
    'PATH' => 'C:\\Program Files (x86)\\VMware\\VMware Workstation\\bin\\;C:\\Program Files\\Common Files\\Oracle\\Java\\javapath;C:\\Windows\\system32;C:\\Windows;C:\\Windows\\System32\\Wbem;C:\\Windows\\System32\\WindowsPowerShell\\v1.0\\;C:\\Windows\\System32\\OpenSSH\\;C:\\Program Files (x86)\\NVIDIA Corporation\\PhysX\\Common;C:\\Program Files\\NVIDIA Corporation\\NVIDIA NvDLISR;C:\\WINDOWS\\system32;C:\\WINDOWS;C:\\WINDOWS\\System32\\Wbem;C:\\WINDOWS\\System32\\WindowsPowerShell\\v1.0\\;C:\\WINDOWS\\System32\\OpenSSH\\;C:\\ProgramData\\chocolatey\\bin;C:\\Program Files\\Git\\cmd;C:\\Program Files\\nodejs\\;C:\\Program Files\\Polyspace\\R2021a\\runtime\\win64;C:\\Program Files\\Polyspace\\R2021a\\bin;C:\\Program Files\\Polyspace\\R2021a\\polyspace\\bin;C:\\wamp64\\bin\\php\\php8.0.26;C:\\composer;C:\\WINDOWS\\system32\\config\\systemprofile\\AppData\\Local\\Microsoft\\WindowsApps'
    'SystemRoot' => 'C:\\WINDOWS'
    'COMSPEC' => 'C:\\WINDOWS\\system32\\cmd.exe'
    'PATHEXT' => '.COM;.EXE;.BAT;.CMD;.VBS;.VBE;.JS;.JSE;.WSF;.WSH;.MSC'
    'WINDIR' => 'C:\\WINDOWS'
    'SERVER_SIGNATURE' => '<address>Apache/2.4.54 (Win64) PHP/8.0.26 mod_fcgid/2.3.10-dev Server at localhost Port 80</address>
'
    'SERVER_SOFTWARE' => 'Apache/2.4.54 (Win64) PHP/8.0.26 mod_fcgid/2.3.10-dev'
    'SERVER_NAME' => 'localhost'
    'SERVER_ADDR' => '::1'
    'SERVER_PORT' => '80'
    'REMOTE_ADDR' => '::1'
    'DOCUMENT_ROOT' => 'C:/wamp64/www'
    'REQUEST_SCHEME' => 'http'
    'CONTEXT_PREFIX' => ''
    'CONTEXT_DOCUMENT_ROOT' => 'C:/wamp64/www'
    'SERVER_ADMIN' => 'wampserver@wampserver.invalid'
    'SCRIPT_FILENAME' => 'C:/wamp64/www/ptweb/web/index.php'
    'REMOTE_PORT' => '65231'
    'GATEWAY_INTERFACE' => 'CGI/1.1'
    'SERVER_PROTOCOL' => 'HTTP/1.1'
    'REQUEST_METHOD' => 'GET'
    'QUERY_STRING' => 'r=debug%2Fdefault%2Ftoolbar&tag=658500db3c67d'
    'REQUEST_URI' => '/ptweb/web/index.php?r=debug%2Fdefault%2Ftoolbar&tag=658500db3c67d'
    'SCRIPT_NAME' => '/ptweb/web/index.php'
    'PHP_SELF' => '/ptweb/web/index.php'
    'REQUEST_TIME_FLOAT' => 1703215323.3244
    'REQUEST_TIME' => 1703215323
]
2023-12-22 03:43:52 [::1][4][t75hahpc99fsl3lmu60lg1fqvv][error][yii\web\HttpException:404] yii\base\InvalidRouteException: Unable to resolve the request: user/change-pass in C:\wamp64\www\ptweb\vendor\yiisoft\yii2\base\Controller.php:149
Stack trace:
#0 C:\wamp64\www\ptweb\vendor\yiisoft\yii2\base\Module.php(552): yii\base\Controller->runAction('change-pass', Array)
#1 C:\wamp64\www\ptweb\vendor\yiisoft\yii2\web\Application.php(103): yii\base\Module->runAction('user/change-pas...', Array)
#2 C:\wamp64\www\ptweb\vendor\yiisoft\yii2\base\Application.php(385): yii\web\Application->handleRequest(Object(yii\web\Request))
#3 C:\wamp64\www\ptweb\web\index.php(12): yii\base\Application->run()
#4 {main}

Next yii\web\NotFoundHttpException: Page not found. in C:\wamp64\www\ptweb\vendor\yiisoft\yii2\web\Application.php:115
Stack trace:
#0 C:\wamp64\www\ptweb\vendor\yiisoft\yii2\base\Application.php(385): yii\web\Application->handleRequest(Object(yii\web\Request))
#1 C:\wamp64\www\ptweb\web\index.php(12): yii\base\Application->run()
#2 {main}
2023-12-22 03:43:52 [::1][4][t75hahpc99fsl3lmu60lg1fqvv][info][application] $_GET = [
    'r' => 'user/change-pass'
    'id' => '4'
]

$_POST = []

$_FILES = []

$_COOKIE = [
    'PHPSESSID' => 't75hahpc99fsl3lmu60lg1fqvv'
    '_identity' => 'd84da8241bcdd26ef5b90a6cf77d2bad3d1822af5a76ca667eb524e4ef46d9fba:2:{i:0;s:9:\"_identity\";i:1;s:16:\"[4,null,2592000]\";}'
    '_csrf' => 'dc1c74d11cc1a41dbe3f720937e200b972506068f02073cfa7558a2841657a37a:2:{i:0;s:5:\"_csrf\";i:1;s:32:\"hOBZV6OlorV2TFiZ99LaCPINFzjM0mQl\";}'
    'sidebar-collapse' => 'true'
    'sidebar-mini' => 'true'
    'dropdown-legacy' => 'false'
]

$_SESSION = [
    '__flash' => []
    '__returnUrl' => 'http://localhost/ptweb/web/index.php?r=site%2Fuser-profile&id=1'
    '__id' => 4
    '__authKey' => null
]

$_SERVER = [
    'HTTP_HOST' => 'localhost'
    'HTTP_CONNECTION' => 'keep-alive'
    'HTTP_SEC_CH_UA' => '\"Not_A Brand\";v=\"8\", \"Chromium\";v=\"120\", \"Google Chrome\";v=\"120\"'
    'HTTP_SEC_CH_UA_MOBILE' => '?0'
    'HTTP_SEC_CH_UA_PLATFORM' => '\"Windows\"'
    'HTTP_UPGRADE_INSECURE_REQUESTS' => '1'
    'HTTP_USER_AGENT' => 'Mozilla/5.0 (Windows NT 10.0; Win64; x64) AppleWebKit/537.36 (KHTML, like Gecko) Chrome/120.0.0.0 Safari/537.36'
    'HTTP_ACCEPT' => 'text/html,application/xhtml+xml,application/xml;q=0.9,image/avif,image/webp,image/apng,*/*;q=0.8,application/signed-exchange;v=b3;q=0.7'
    'HTTP_SEC_FETCH_SITE' => 'same-origin'
    'HTTP_SEC_FETCH_MODE' => 'navigate'
    'HTTP_SEC_FETCH_USER' => '?1'
    'HTTP_SEC_FETCH_DEST' => 'document'
    'HTTP_REFERER' => 'http://localhost/ptweb/web/index.php'
    'HTTP_ACCEPT_ENCODING' => 'gzip, deflate, br'
    'HTTP_ACCEPT_LANGUAGE' => 'vi-VN,vi;q=0.9,fr-FR;q=0.8,fr;q=0.7,en-US;q=0.6,en;q=0.5'
    'HTTP_COOKIE' => 'PHPSESSID=t75hahpc99fsl3lmu60lg1fqvv; _identity=d84da8241bcdd26ef5b90a6cf77d2bad3d1822af5a76ca667eb524e4ef46d9fba%3A2%3A%7Bi%3A0%3Bs%3A9%3A%22_identity%22%3Bi%3A1%3Bs%3A16%3A%22%5B4%2Cnull%2C2592000%5D%22%3B%7D; _csrf=dc1c74d11cc1a41dbe3f720937e200b972506068f02073cfa7558a2841657a37a%3A2%3A%7Bi%3A0%3Bs%3A5%3A%22_csrf%22%3Bi%3A1%3Bs%3A32%3A%22hOBZV6OlorV2TFiZ99LaCPINFzjM0mQl%22%3B%7D; sidebar-collapse=true; sidebar-mini=true; dropdown-legacy=false'
    'PATH' => 'C:\\Program Files (x86)\\VMware\\VMware Workstation\\bin\\;C:\\Program Files\\Common Files\\Oracle\\Java\\javapath;C:\\Windows\\system32;C:\\Windows;C:\\Windows\\System32\\Wbem;C:\\Windows\\System32\\WindowsPowerShell\\v1.0\\;C:\\Windows\\System32\\OpenSSH\\;C:\\Program Files (x86)\\NVIDIA Corporation\\PhysX\\Common;C:\\Program Files\\NVIDIA Corporation\\NVIDIA NvDLISR;C:\\WINDOWS\\system32;C:\\WINDOWS;C:\\WINDOWS\\System32\\Wbem;C:\\WINDOWS\\System32\\WindowsPowerShell\\v1.0\\;C:\\WINDOWS\\System32\\OpenSSH\\;C:\\ProgramData\\chocolatey\\bin;C:\\Program Files\\Git\\cmd;C:\\Program Files\\nodejs\\;C:\\Program Files\\Polyspace\\R2021a\\runtime\\win64;C:\\Program Files\\Polyspace\\R2021a\\bin;C:\\Program Files\\Polyspace\\R2021a\\polyspace\\bin;C:\\wamp64\\bin\\php\\php8.0.26;C:\\composer;C:\\WINDOWS\\system32\\config\\systemprofile\\AppData\\Local\\Microsoft\\WindowsApps'
    'SystemRoot' => 'C:\\WINDOWS'
    'COMSPEC' => 'C:\\WINDOWS\\system32\\cmd.exe'
    'PATHEXT' => '.COM;.EXE;.BAT;.CMD;.VBS;.VBE;.JS;.JSE;.WSF;.WSH;.MSC'
    'WINDIR' => 'C:\\WINDOWS'
    'SERVER_SIGNATURE' => '<address>Apache/2.4.54 (Win64) PHP/8.0.26 mod_fcgid/2.3.10-dev Server at localhost Port 80</address>
'
    'SERVER_SOFTWARE' => 'Apache/2.4.54 (Win64) PHP/8.0.26 mod_fcgid/2.3.10-dev'
    'SERVER_NAME' => 'localhost'
    'SERVER_ADDR' => '::1'
    'SERVER_PORT' => '80'
    'REMOTE_ADDR' => '::1'
    'DOCUMENT_ROOT' => 'C:/wamp64/www'
    'REQUEST_SCHEME' => 'http'
    'CONTEXT_PREFIX' => ''
    'CONTEXT_DOCUMENT_ROOT' => 'C:/wamp64/www'
    'SERVER_ADMIN' => 'wampserver@wampserver.invalid'
    'SCRIPT_FILENAME' => 'C:/wamp64/www/ptweb/web/index.php'
    'REMOTE_PORT' => '49291'
    'GATEWAY_INTERFACE' => 'CGI/1.1'
    'SERVER_PROTOCOL' => 'HTTP/1.1'
    'REQUEST_METHOD' => 'GET'
    'QUERY_STRING' => 'r=user%2Fchange-pass&id=4'
    'REQUEST_URI' => '/ptweb/web/index.php?r=user%2Fchange-pass&id=4'
    'SCRIPT_NAME' => '/ptweb/web/index.php'
    'PHP_SELF' => '/ptweb/web/index.php'
    'REQUEST_TIME_FLOAT' => 1703216632.3965
    'REQUEST_TIME' => 1703216632
]
2023-12-22 04:20:00 [::1][4][t75hahpc99fsl3lmu60lg1fqvv][error][Error] Error: Call to a member function count() on array in C:\wamp64\www\ptweb\views\site\index.php:25
Stack trace:
#0 C:\wamp64\www\ptweb\vendor\yiisoft\yii2\base\View.php(347): require()
#1 C:\wamp64\www\ptweb\vendor\yiisoft\yii2\base\View.php(257): yii\base\View->renderPhpFile('C:\\wamp64\\www\\p...', Array)
#2 C:\wamp64\www\ptweb\vendor\yiisoft\yii2\base\View.php(156): yii\base\View->renderFile('C:\\wamp64\\www\\p...', Array, Object(app\controllers\SiteController))
#3 C:\wamp64\www\ptweb\vendor\yiisoft\yii2\base\Controller.php(407): yii\base\View->render('index', Array, Object(app\controllers\SiteController))
#4 C:\wamp64\www\ptweb\controllers\SiteController.php(78): yii\base\Controller->render('index', Array)
#5 [internal function]: app\controllers\SiteController->actionIndex()
#6 C:\wamp64\www\ptweb\vendor\yiisoft\yii2\base\InlineAction.php(57): call_user_func_array(Array, Array)
#7 C:\wamp64\www\ptweb\vendor\yiisoft\yii2\base\Controller.php(178): yii\base\InlineAction->runWithParams(Array)
#8 C:\wamp64\www\ptweb\vendor\yiisoft\yii2\base\Module.php(552): yii\base\Controller->runAction('index', Array)
#9 C:\wamp64\www\ptweb\vendor\yiisoft\yii2\web\Application.php(103): yii\base\Module->runAction('site/index', Array)
#10 C:\wamp64\www\ptweb\vendor\yiisoft\yii2\base\Application.php(385): yii\web\Application->handleRequest(Object(yii\web\Request))
#11 C:\wamp64\www\ptweb\web\index.php(12): yii\base\Application->run()
#12 {main}
2023-12-22 04:19:59 [::1][4][t75hahpc99fsl3lmu60lg1fqvv][info][application] $_GET = [
    'r' => 'site/index'
]

$_POST = []

$_FILES = []

$_COOKIE = [
    'PHPSESSID' => 't75hahpc99fsl3lmu60lg1fqvv'
    '_identity' => 'd84da8241bcdd26ef5b90a6cf77d2bad3d1822af5a76ca667eb524e4ef46d9fba:2:{i:0;s:9:\"_identity\";i:1;s:16:\"[4,null,2592000]\";}'
    '_csrf' => 'dc1c74d11cc1a41dbe3f720937e200b972506068f02073cfa7558a2841657a37a:2:{i:0;s:5:\"_csrf\";i:1;s:32:\"hOBZV6OlorV2TFiZ99LaCPINFzjM0mQl\";}'
    'sidebar-collapse' => 'true'
    'sidebar-mini' => 'true'
    'dropdown-legacy' => 'false'
]

$_SESSION = [
    '__flash' => []
    '__returnUrl' => 'http://localhost/ptweb/web/index.php?r=site%2Fuser-profile&id=1'
    '__id' => 4
    '__authKey' => null
]

$_SERVER = [
    'HTTP_HOST' => 'localhost'
    'HTTP_CONNECTION' => 'keep-alive'
    'HTTP_CACHE_CONTROL' => 'max-age=0'
    'HTTP_SEC_CH_UA' => '\"Not_A Brand\";v=\"8\", \"Chromium\";v=\"120\", \"Google Chrome\";v=\"120\"'
    'HTTP_SEC_CH_UA_MOBILE' => '?0'
    'HTTP_SEC_CH_UA_PLATFORM' => '\"Windows\"'
    'HTTP_UPGRADE_INSECURE_REQUESTS' => '1'
    'HTTP_USER_AGENT' => 'Mozilla/5.0 (Windows NT 10.0; Win64; x64) AppleWebKit/537.36 (KHTML, like Gecko) Chrome/120.0.0.0 Safari/537.36'
    'HTTP_ACCEPT' => 'text/html,application/xhtml+xml,application/xml;q=0.9,image/avif,image/webp,image/apng,*/*;q=0.8,application/signed-exchange;v=b3;q=0.7'
    'HTTP_SEC_FETCH_SITE' => 'same-origin'
    'HTTP_SEC_FETCH_MODE' => 'navigate'
    'HTTP_SEC_FETCH_USER' => '?1'
    'HTTP_SEC_FETCH_DEST' => 'document'
    'HTTP_REFERER' => 'http://localhost/ptweb/web/index.php'
    'HTTP_ACCEPT_ENCODING' => 'gzip, deflate, br'
    'HTTP_ACCEPT_LANGUAGE' => 'vi-VN,vi;q=0.9,fr-FR;q=0.8,fr;q=0.7,en-US;q=0.6,en;q=0.5'
    'HTTP_COOKIE' => 'PHPSESSID=t75hahpc99fsl3lmu60lg1fqvv; _identity=d84da8241bcdd26ef5b90a6cf77d2bad3d1822af5a76ca667eb524e4ef46d9fba%3A2%3A%7Bi%3A0%3Bs%3A9%3A%22_identity%22%3Bi%3A1%3Bs%3A16%3A%22%5B4%2Cnull%2C2592000%5D%22%3B%7D; _csrf=dc1c74d11cc1a41dbe3f720937e200b972506068f02073cfa7558a2841657a37a%3A2%3A%7Bi%3A0%3Bs%3A5%3A%22_csrf%22%3Bi%3A1%3Bs%3A32%3A%22hOBZV6OlorV2TFiZ99LaCPINFzjM0mQl%22%3B%7D; sidebar-collapse=true; sidebar-mini=true; dropdown-legacy=false'
    'PATH' => 'C:\\Program Files (x86)\\VMware\\VMware Workstation\\bin\\;C:\\Program Files\\Common Files\\Oracle\\Java\\javapath;C:\\Windows\\system32;C:\\Windows;C:\\Windows\\System32\\Wbem;C:\\Windows\\System32\\WindowsPowerShell\\v1.0\\;C:\\Windows\\System32\\OpenSSH\\;C:\\Program Files (x86)\\NVIDIA Corporation\\PhysX\\Common;C:\\Program Files\\NVIDIA Corporation\\NVIDIA NvDLISR;C:\\WINDOWS\\system32;C:\\WINDOWS;C:\\WINDOWS\\System32\\Wbem;C:\\WINDOWS\\System32\\WindowsPowerShell\\v1.0\\;C:\\WINDOWS\\System32\\OpenSSH\\;C:\\ProgramData\\chocolatey\\bin;C:\\Program Files\\Git\\cmd;C:\\Program Files\\nodejs\\;C:\\Program Files\\Polyspace\\R2021a\\runtime\\win64;C:\\Program Files\\Polyspace\\R2021a\\bin;C:\\Program Files\\Polyspace\\R2021a\\polyspace\\bin;C:\\wamp64\\bin\\php\\php8.0.26;C:\\composer;C:\\WINDOWS\\system32\\config\\systemprofile\\AppData\\Local\\Microsoft\\WindowsApps'
    'SystemRoot' => 'C:\\WINDOWS'
    'COMSPEC' => 'C:\\WINDOWS\\system32\\cmd.exe'
    'PATHEXT' => '.COM;.EXE;.BAT;.CMD;.VBS;.VBE;.JS;.JSE;.WSF;.WSH;.MSC'
    'WINDIR' => 'C:\\WINDOWS'
    'SERVER_SIGNATURE' => '<address>Apache/2.4.54 (Win64) PHP/8.0.26 mod_fcgid/2.3.10-dev Server at localhost Port 80</address>
'
    'SERVER_SOFTWARE' => 'Apache/2.4.54 (Win64) PHP/8.0.26 mod_fcgid/2.3.10-dev'
    'SERVER_NAME' => 'localhost'
    'SERVER_ADDR' => '::1'
    'SERVER_PORT' => '80'
    'REMOTE_ADDR' => '::1'
    'DOCUMENT_ROOT' => 'C:/wamp64/www'
    'REQUEST_SCHEME' => 'http'
    'CONTEXT_PREFIX' => ''
    'CONTEXT_DOCUMENT_ROOT' => 'C:/wamp64/www'
    'SERVER_ADMIN' => 'wampserver@wampserver.invalid'
    'SCRIPT_FILENAME' => 'C:/wamp64/www/ptweb/web/index.php'
    'REMOTE_PORT' => '50082'
    'GATEWAY_INTERFACE' => 'CGI/1.1'
    'SERVER_PROTOCOL' => 'HTTP/1.1'
    'REQUEST_METHOD' => 'GET'
    'QUERY_STRING' => 'r=site%2Findex'
    'REQUEST_URI' => '/ptweb/web/index.php?r=site%2Findex'
    'SCRIPT_NAME' => '/ptweb/web/index.php'
    'PHP_SELF' => '/ptweb/web/index.php'
    'REQUEST_TIME_FLOAT' => 1703218799.9282
    'REQUEST_TIME' => 1703218799
]
2023-12-22 04:20:19 [::1][4][t75hahpc99fsl3lmu60lg1fqvv][error][ArgumentCountError] ArgumentCountError: Too few arguments to function yii\db\BaseActiveRecord::findAll(), 0 passed in C:\wamp64\www\ptweb\views\site\index.php on line 25 and exactly 1 expected in C:\wamp64\www\ptweb\vendor\yiisoft\yii2\db\BaseActiveRecord.php:117
Stack trace:
#0 C:\wamp64\www\ptweb\views\site\index.php(25): yii\db\BaseActiveRecord::findAll()
#1 C:\wamp64\www\ptweb\vendor\yiisoft\yii2\base\View.php(347): require('C:\\wamp64\\www\\p...')
#2 C:\wamp64\www\ptweb\vendor\yiisoft\yii2\base\View.php(257): yii\base\View->renderPhpFile('C:\\wamp64\\www\\p...', Array)
#3 C:\wamp64\www\ptweb\vendor\yiisoft\yii2\base\View.php(156): yii\base\View->renderFile('C:\\wamp64\\www\\p...', Array, Object(app\controllers\SiteController))
#4 C:\wamp64\www\ptweb\vendor\yiisoft\yii2\base\Controller.php(407): yii\base\View->render('index', Array, Object(app\controllers\SiteController))
#5 C:\wamp64\www\ptweb\controllers\SiteController.php(78): yii\base\Controller->render('index', Array)
#6 [internal function]: app\controllers\SiteController->actionIndex()
#7 C:\wamp64\www\ptweb\vendor\yiisoft\yii2\base\InlineAction.php(57): call_user_func_array(Array, Array)
#8 C:\wamp64\www\ptweb\vendor\yiisoft\yii2\base\Controller.php(178): yii\base\InlineAction->runWithParams(Array)
#9 C:\wamp64\www\ptweb\vendor\yiisoft\yii2\base\Module.php(552): yii\base\Controller->runAction('index', Array)
#10 C:\wamp64\www\ptweb\vendor\yiisoft\yii2\web\Application.php(103): yii\base\Module->runAction('site/index', Array)
#11 C:\wamp64\www\ptweb\vendor\yiisoft\yii2\base\Application.php(385): yii\web\Application->handleRequest(Object(yii\web\Request))
#12 C:\wamp64\www\ptweb\web\index.php(12): yii\base\Application->run()
#13 {main}
2023-12-22 04:20:19 [::1][4][t75hahpc99fsl3lmu60lg1fqvv][info][application] $_GET = [
    'r' => 'site/index'
]

$_POST = []

$_FILES = []

$_COOKIE = [
    'PHPSESSID' => 't75hahpc99fsl3lmu60lg1fqvv'
    '_identity' => 'd84da8241bcdd26ef5b90a6cf77d2bad3d1822af5a76ca667eb524e4ef46d9fba:2:{i:0;s:9:\"_identity\";i:1;s:16:\"[4,null,2592000]\";}'
    '_csrf' => 'dc1c74d11cc1a41dbe3f720937e200b972506068f02073cfa7558a2841657a37a:2:{i:0;s:5:\"_csrf\";i:1;s:32:\"hOBZV6OlorV2TFiZ99LaCPINFzjM0mQl\";}'
    'sidebar-collapse' => 'true'
    'sidebar-mini' => 'true'
    'dropdown-legacy' => 'false'
]

$_SESSION = [
    '__flash' => []
    '__returnUrl' => 'http://localhost/ptweb/web/index.php?r=site%2Fuser-profile&id=1'
    '__id' => 4
    '__authKey' => null
]

$_SERVER = [
    'HTTP_HOST' => 'localhost'
    'HTTP_CONNECTION' => 'keep-alive'
    'HTTP_CACHE_CONTROL' => 'max-age=0'
    'HTTP_SEC_CH_UA' => '\"Not_A Brand\";v=\"8\", \"Chromium\";v=\"120\", \"Google Chrome\";v=\"120\"'
    'HTTP_SEC_CH_UA_MOBILE' => '?0'
    'HTTP_SEC_CH_UA_PLATFORM' => '\"Windows\"'
    'HTTP_UPGRADE_INSECURE_REQUESTS' => '1'
    'HTTP_USER_AGENT' => 'Mozilla/5.0 (Windows NT 10.0; Win64; x64) AppleWebKit/537.36 (KHTML, like Gecko) Chrome/120.0.0.0 Safari/537.36'
    'HTTP_ACCEPT' => 'text/html,application/xhtml+xml,application/xml;q=0.9,image/avif,image/webp,image/apng,*/*;q=0.8,application/signed-exchange;v=b3;q=0.7'
    'HTTP_SEC_FETCH_SITE' => 'same-origin'
    'HTTP_SEC_FETCH_MODE' => 'navigate'
    'HTTP_SEC_FETCH_USER' => '?1'
    'HTTP_SEC_FETCH_DEST' => 'document'
    'HTTP_REFERER' => 'http://localhost/ptweb/web/index.php'
    'HTTP_ACCEPT_ENCODING' => 'gzip, deflate, br'
    'HTTP_ACCEPT_LANGUAGE' => 'vi-VN,vi;q=0.9,fr-FR;q=0.8,fr;q=0.7,en-US;q=0.6,en;q=0.5'
    'HTTP_COOKIE' => 'PHPSESSID=t75hahpc99fsl3lmu60lg1fqvv; _identity=d84da8241bcdd26ef5b90a6cf77d2bad3d1822af5a76ca667eb524e4ef46d9fba%3A2%3A%7Bi%3A0%3Bs%3A9%3A%22_identity%22%3Bi%3A1%3Bs%3A16%3A%22%5B4%2Cnull%2C2592000%5D%22%3B%7D; _csrf=dc1c74d11cc1a41dbe3f720937e200b972506068f02073cfa7558a2841657a37a%3A2%3A%7Bi%3A0%3Bs%3A5%3A%22_csrf%22%3Bi%3A1%3Bs%3A32%3A%22hOBZV6OlorV2TFiZ99LaCPINFzjM0mQl%22%3B%7D; sidebar-collapse=true; sidebar-mini=true; dropdown-legacy=false'
    'PATH' => 'C:\\Program Files (x86)\\VMware\\VMware Workstation\\bin\\;C:\\Program Files\\Common Files\\Oracle\\Java\\javapath;C:\\Windows\\system32;C:\\Windows;C:\\Windows\\System32\\Wbem;C:\\Windows\\System32\\WindowsPowerShell\\v1.0\\;C:\\Windows\\System32\\OpenSSH\\;C:\\Program Files (x86)\\NVIDIA Corporation\\PhysX\\Common;C:\\Program Files\\NVIDIA Corporation\\NVIDIA NvDLISR;C:\\WINDOWS\\system32;C:\\WINDOWS;C:\\WINDOWS\\System32\\Wbem;C:\\WINDOWS\\System32\\WindowsPowerShell\\v1.0\\;C:\\WINDOWS\\System32\\OpenSSH\\;C:\\ProgramData\\chocolatey\\bin;C:\\Program Files\\Git\\cmd;C:\\Program Files\\nodejs\\;C:\\Program Files\\Polyspace\\R2021a\\runtime\\win64;C:\\Program Files\\Polyspace\\R2021a\\bin;C:\\Program Files\\Polyspace\\R2021a\\polyspace\\bin;C:\\wamp64\\bin\\php\\php8.0.26;C:\\composer;C:\\WINDOWS\\system32\\config\\systemprofile\\AppData\\Local\\Microsoft\\WindowsApps'
    'SystemRoot' => 'C:\\WINDOWS'
    'COMSPEC' => 'C:\\WINDOWS\\system32\\cmd.exe'
    'PATHEXT' => '.COM;.EXE;.BAT;.CMD;.VBS;.VBE;.JS;.JSE;.WSF;.WSH;.MSC'
    'WINDIR' => 'C:\\WINDOWS'
    'SERVER_SIGNATURE' => '<address>Apache/2.4.54 (Win64) PHP/8.0.26 mod_fcgid/2.3.10-dev Server at localhost Port 80</address>
'
    'SERVER_SOFTWARE' => 'Apache/2.4.54 (Win64) PHP/8.0.26 mod_fcgid/2.3.10-dev'
    'SERVER_NAME' => 'localhost'
    'SERVER_ADDR' => '::1'
    'SERVER_PORT' => '80'
    'REMOTE_ADDR' => '::1'
    'DOCUMENT_ROOT' => 'C:/wamp64/www'
    'REQUEST_SCHEME' => 'http'
    'CONTEXT_PREFIX' => ''
    'CONTEXT_DOCUMENT_ROOT' => 'C:/wamp64/www'
    'SERVER_ADMIN' => 'wampserver@wampserver.invalid'
    'SCRIPT_FILENAME' => 'C:/wamp64/www/ptweb/web/index.php'
    'REMOTE_PORT' => '50092'
    'GATEWAY_INTERFACE' => 'CGI/1.1'
    'SERVER_PROTOCOL' => 'HTTP/1.1'
    'REQUEST_METHOD' => 'GET'
    'QUERY_STRING' => 'r=site%2Findex'
    'REQUEST_URI' => '/ptweb/web/index.php?r=site%2Findex'
    'SCRIPT_NAME' => '/ptweb/web/index.php'
    'PHP_SELF' => '/ptweb/web/index.php'
    'REQUEST_TIME_FLOAT' => 1703218819.3563
    'REQUEST_TIME' => 1703218819
]
2023-12-22 04:59:38 [::1][4][t75hahpc99fsl3lmu60lg1fqvv][error][TypeError] TypeError: strncmp(): Argument #1 ($string1) must be of type string, array given in C:\wamp64\www\ptweb\vendor\yiisoft\yii2\base\View.php:172
Stack trace:
#0 C:\wamp64\www\ptweb\vendor\yiisoft\yii2\base\View.php(172): strncmp(Array, '@', 1)
#1 C:\wamp64\www\ptweb\vendor\yiisoft\yii2\base\View.php(155): yii\base\View->findViewFile(Array, NULL)
#2 C:\wamp64\www\ptweb\views\site\index.php(39): yii\base\View->render(Array)
#3 C:\wamp64\www\ptweb\vendor\yiisoft\yii2\base\View.php(347): require('C:\\wamp64\\www\\p...')
#4 C:\wamp64\www\ptweb\vendor\yiisoft\yii2\base\View.php(257): yii\base\View->renderPhpFile('C:\\wamp64\\www\\p...', Array)
#5 C:\wamp64\www\ptweb\vendor\yiisoft\yii2\base\View.php(156): yii\base\View->renderFile('C:\\wamp64\\www\\p...', Array, Object(app\controllers\SiteController))
#6 C:\wamp64\www\ptweb\vendor\yiisoft\yii2\base\Controller.php(407): yii\base\View->render('index', Array, Object(app\controllers\SiteController))
#7 C:\wamp64\www\ptweb\controllers\SiteController.php(79): yii\base\Controller->render('index', Array)
#8 [internal function]: app\controllers\SiteController->actionIndex()
#9 C:\wamp64\www\ptweb\vendor\yiisoft\yii2\base\InlineAction.php(57): call_user_func_array(Array, Array)
#10 C:\wamp64\www\ptweb\vendor\yiisoft\yii2\base\Controller.php(178): yii\base\InlineAction->runWithParams(Array)
#11 C:\wamp64\www\ptweb\vendor\yiisoft\yii2\base\Module.php(552): yii\base\Controller->runAction('index', Array)
#12 C:\wamp64\www\ptweb\vendor\yiisoft\yii2\web\Application.php(103): yii\base\Module->runAction('site/index', Array)
#13 C:\wamp64\www\ptweb\vendor\yiisoft\yii2\base\Application.php(385): yii\web\Application->handleRequest(Object(yii\web\Request))
#14 C:\wamp64\www\ptweb\web\index.php(12): yii\base\Application->run()
#15 {main}
2023-12-22 04:59:37 [::1][4][t75hahpc99fsl3lmu60lg1fqvv][info][application] $_GET = [
    'r' => 'site/index'
]

$_POST = []

$_FILES = []

$_COOKIE = [
    'PHPSESSID' => 't75hahpc99fsl3lmu60lg1fqvv'
    '_identity' => 'd84da8241bcdd26ef5b90a6cf77d2bad3d1822af5a76ca667eb524e4ef46d9fba:2:{i:0;s:9:\"_identity\";i:1;s:16:\"[4,null,2592000]\";}'
    '_csrf' => 'dc1c74d11cc1a41dbe3f720937e200b972506068f02073cfa7558a2841657a37a:2:{i:0;s:5:\"_csrf\";i:1;s:32:\"hOBZV6OlorV2TFiZ99LaCPINFzjM0mQl\";}'
    'sidebar-collapse' => 'true'
    'sidebar-mini' => 'true'
    'dropdown-legacy' => 'false'
]

$_SESSION = [
    '__flash' => []
    '__returnUrl' => 'http://localhost/ptweb/web/index.php?r=site%2Fuser-profile&id=1'
    '__id' => 4
    '__authKey' => null
]

$_SERVER = [
    'HTTP_HOST' => 'localhost'
    'HTTP_CONNECTION' => 'keep-alive'
    'HTTP_CACHE_CONTROL' => 'max-age=0'
    'HTTP_SEC_CH_UA' => '\"Not_A Brand\";v=\"8\", \"Chromium\";v=\"120\", \"Google Chrome\";v=\"120\"'
    'HTTP_SEC_CH_UA_MOBILE' => '?0'
    'HTTP_SEC_CH_UA_PLATFORM' => '\"Windows\"'
    'HTTP_UPGRADE_INSECURE_REQUESTS' => '1'
    'HTTP_USER_AGENT' => 'Mozilla/5.0 (Windows NT 10.0; Win64; x64) AppleWebKit/537.36 (KHTML, like Gecko) Chrome/120.0.0.0 Safari/537.36'
    'HTTP_ACCEPT' => 'text/html,application/xhtml+xml,application/xml;q=0.9,image/avif,image/webp,image/apng,*/*;q=0.8,application/signed-exchange;v=b3;q=0.7'
    'HTTP_SEC_FETCH_SITE' => 'same-origin'
    'HTTP_SEC_FETCH_MODE' => 'navigate'
    'HTTP_SEC_FETCH_USER' => '?1'
    'HTTP_SEC_FETCH_DEST' => 'document'
    'HTTP_REFERER' => 'http://localhost/ptweb/web/index.php'
    'HTTP_ACCEPT_ENCODING' => 'gzip, deflate, br'
    'HTTP_ACCEPT_LANGUAGE' => 'vi-VN,vi;q=0.9,fr-FR;q=0.8,fr;q=0.7,en-US;q=0.6,en;q=0.5'
    'HTTP_COOKIE' => 'PHPSESSID=t75hahpc99fsl3lmu60lg1fqvv; _identity=d84da8241bcdd26ef5b90a6cf77d2bad3d1822af5a76ca667eb524e4ef46d9fba%3A2%3A%7Bi%3A0%3Bs%3A9%3A%22_identity%22%3Bi%3A1%3Bs%3A16%3A%22%5B4%2Cnull%2C2592000%5D%22%3B%7D; _csrf=dc1c74d11cc1a41dbe3f720937e200b972506068f02073cfa7558a2841657a37a%3A2%3A%7Bi%3A0%3Bs%3A5%3A%22_csrf%22%3Bi%3A1%3Bs%3A32%3A%22hOBZV6OlorV2TFiZ99LaCPINFzjM0mQl%22%3B%7D; sidebar-collapse=true; sidebar-mini=true; dropdown-legacy=false'
    'PATH' => 'C:\\Program Files (x86)\\VMware\\VMware Workstation\\bin\\;C:\\Program Files\\Common Files\\Oracle\\Java\\javapath;C:\\Windows\\system32;C:\\Windows;C:\\Windows\\System32\\Wbem;C:\\Windows\\System32\\WindowsPowerShell\\v1.0\\;C:\\Windows\\System32\\OpenSSH\\;C:\\Program Files (x86)\\NVIDIA Corporation\\PhysX\\Common;C:\\Program Files\\NVIDIA Corporation\\NVIDIA NvDLISR;C:\\WINDOWS\\system32;C:\\WINDOWS;C:\\WINDOWS\\System32\\Wbem;C:\\WINDOWS\\System32\\WindowsPowerShell\\v1.0\\;C:\\WINDOWS\\System32\\OpenSSH\\;C:\\ProgramData\\chocolatey\\bin;C:\\Program Files\\Git\\cmd;C:\\Program Files\\nodejs\\;C:\\Program Files\\Polyspace\\R2021a\\runtime\\win64;C:\\Program Files\\Polyspace\\R2021a\\bin;C:\\Program Files\\Polyspace\\R2021a\\polyspace\\bin;C:\\wamp64\\bin\\php\\php8.0.26;C:\\composer;C:\\WINDOWS\\system32\\config\\systemprofile\\AppData\\Local\\Microsoft\\WindowsApps'
    'SystemRoot' => 'C:\\WINDOWS'
    'COMSPEC' => 'C:\\WINDOWS\\system32\\cmd.exe'
    'PATHEXT' => '.COM;.EXE;.BAT;.CMD;.VBS;.VBE;.JS;.JSE;.WSF;.WSH;.MSC'
    'WINDIR' => 'C:\\WINDOWS'
    'SERVER_SIGNATURE' => '<address>Apache/2.4.54 (Win64) PHP/8.0.26 mod_fcgid/2.3.10-dev Server at localhost Port 80</address>
'
    'SERVER_SOFTWARE' => 'Apache/2.4.54 (Win64) PHP/8.0.26 mod_fcgid/2.3.10-dev'
    'SERVER_NAME' => 'localhost'
    'SERVER_ADDR' => '::1'
    'SERVER_PORT' => '80'
    'REMOTE_ADDR' => '::1'
    'DOCUMENT_ROOT' => 'C:/wamp64/www'
    'REQUEST_SCHEME' => 'http'
    'CONTEXT_PREFIX' => ''
    'CONTEXT_DOCUMENT_ROOT' => 'C:/wamp64/www'
    'SERVER_ADMIN' => 'wampserver@wampserver.invalid'
    'SCRIPT_FILENAME' => 'C:/wamp64/www/ptweb/web/index.php'
    'REMOTE_PORT' => '56090'
    'GATEWAY_INTERFACE' => 'CGI/1.1'
    'SERVER_PROTOCOL' => 'HTTP/1.1'
    'REQUEST_METHOD' => 'GET'
    'QUERY_STRING' => 'r=site%2Findex'
    'REQUEST_URI' => '/ptweb/web/index.php?r=site%2Findex'
    'SCRIPT_NAME' => '/ptweb/web/index.php'
    'PHP_SELF' => '/ptweb/web/index.php'
    'REQUEST_TIME_FLOAT' => 1703221177.9201
    'REQUEST_TIME' => 1703221177
]
2023-12-22 05:45:17 [::1][4][t75hahpc99fsl3lmu60lg1fqvv][error][TypeError] TypeError: strncmp(): Argument #1 ($string1) must be of type string, array given in C:\wamp64\www\ptweb\vendor\yiisoft\yii2\base\View.php:172
Stack trace:
#0 C:\wamp64\www\ptweb\vendor\yiisoft\yii2\base\View.php(172): strncmp(Array, '@', 1)
#1 C:\wamp64\www\ptweb\vendor\yiisoft\yii2\base\View.php(155): yii\base\View->findViewFile(Array, NULL)
#2 C:\wamp64\www\ptweb\views\site\index.php(39): yii\base\View->render(Array)
#3 C:\wamp64\www\ptweb\vendor\yiisoft\yii2\base\View.php(347): require('C:\\wamp64\\www\\p...')
#4 C:\wamp64\www\ptweb\vendor\yiisoft\yii2\base\View.php(257): yii\base\View->renderPhpFile('C:\\wamp64\\www\\p...', Array)
#5 C:\wamp64\www\ptweb\vendor\yiisoft\yii2\base\View.php(156): yii\base\View->renderFile('C:\\wamp64\\www\\p...', Array, Object(app\controllers\SiteController))
#6 C:\wamp64\www\ptweb\vendor\yiisoft\yii2\base\Controller.php(407): yii\base\View->render('index', Array, Object(app\controllers\SiteController))
#7 C:\wamp64\www\ptweb\controllers\SiteController.php(79): yii\base\Controller->render('index', Array)
#8 [internal function]: app\controllers\SiteController->actionIndex()
#9 C:\wamp64\www\ptweb\vendor\yiisoft\yii2\base\InlineAction.php(57): call_user_func_array(Array, Array)
#10 C:\wamp64\www\ptweb\vendor\yiisoft\yii2\base\Controller.php(178): yii\base\InlineAction->runWithParams(Array)
#11 C:\wamp64\www\ptweb\vendor\yiisoft\yii2\base\Module.php(552): yii\base\Controller->runAction('index', Array)
#12 C:\wamp64\www\ptweb\vendor\yiisoft\yii2\web\Application.php(103): yii\base\Module->runAction('site/index', Array)
#13 C:\wamp64\www\ptweb\vendor\yiisoft\yii2\base\Application.php(385): yii\web\Application->handleRequest(Object(yii\web\Request))
#14 C:\wamp64\www\ptweb\web\index.php(12): yii\base\Application->run()
#15 {main}
2023-12-22 05:45:17 [::1][4][t75hahpc99fsl3lmu60lg1fqvv][info][application] $_GET = [
    'r' => 'site/index'
]

$_POST = []

$_FILES = []

$_COOKIE = [
    'PHPSESSID' => 't75hahpc99fsl3lmu60lg1fqvv'
    '_identity' => 'd84da8241bcdd26ef5b90a6cf77d2bad3d1822af5a76ca667eb524e4ef46d9fba:2:{i:0;s:9:\"_identity\";i:1;s:16:\"[4,null,2592000]\";}'
    '_csrf' => 'dc1c74d11cc1a41dbe3f720937e200b972506068f02073cfa7558a2841657a37a:2:{i:0;s:5:\"_csrf\";i:1;s:32:\"hOBZV6OlorV2TFiZ99LaCPINFzjM0mQl\";}'
    'sidebar-collapse' => 'true'
    'sidebar-mini' => 'true'
    'dropdown-legacy' => 'false'
]

$_SESSION = [
    '__flash' => []
    '__returnUrl' => 'http://localhost/ptweb/web/index.php?r=site%2Fuser-profile&id=1'
    '__id' => 4
    '__authKey' => null
]

$_SERVER = [
    'HTTP_HOST' => 'localhost'
    'HTTP_CONNECTION' => 'keep-alive'
    'HTTP_CACHE_CONTROL' => 'max-age=0'
    'HTTP_SEC_CH_UA' => '\"Not_A Brand\";v=\"8\", \"Chromium\";v=\"120\", \"Google Chrome\";v=\"120\"'
    'HTTP_SEC_CH_UA_MOBILE' => '?0'
    'HTTP_SEC_CH_UA_PLATFORM' => '\"Windows\"'
    'HTTP_UPGRADE_INSECURE_REQUESTS' => '1'
    'HTTP_USER_AGENT' => 'Mozilla/5.0 (Windows NT 10.0; Win64; x64) AppleWebKit/537.36 (KHTML, like Gecko) Chrome/120.0.0.0 Safari/537.36'
    'HTTP_ACCEPT' => 'text/html,application/xhtml+xml,application/xml;q=0.9,image/avif,image/webp,image/apng,*/*;q=0.8,application/signed-exchange;v=b3;q=0.7'
    'HTTP_SEC_FETCH_SITE' => 'same-origin'
    'HTTP_SEC_FETCH_MODE' => 'navigate'
    'HTTP_SEC_FETCH_USER' => '?1'
    'HTTP_SEC_FETCH_DEST' => 'document'
    'HTTP_REFERER' => 'http://localhost/ptweb/web/index.php'
    'HTTP_ACCEPT_ENCODING' => 'gzip, deflate, br'
    'HTTP_ACCEPT_LANGUAGE' => 'vi-VN,vi;q=0.9,fr-FR;q=0.8,fr;q=0.7,en-US;q=0.6,en;q=0.5'
    'HTTP_COOKIE' => 'PHPSESSID=t75hahpc99fsl3lmu60lg1fqvv; _identity=d84da8241bcdd26ef5b90a6cf77d2bad3d1822af5a76ca667eb524e4ef46d9fba%3A2%3A%7Bi%3A0%3Bs%3A9%3A%22_identity%22%3Bi%3A1%3Bs%3A16%3A%22%5B4%2Cnull%2C2592000%5D%22%3B%7D; _csrf=dc1c74d11cc1a41dbe3f720937e200b972506068f02073cfa7558a2841657a37a%3A2%3A%7Bi%3A0%3Bs%3A5%3A%22_csrf%22%3Bi%3A1%3Bs%3A32%3A%22hOBZV6OlorV2TFiZ99LaCPINFzjM0mQl%22%3B%7D; sidebar-collapse=true; sidebar-mini=true; dropdown-legacy=false'
    'PATH' => 'C:\\Program Files (x86)\\VMware\\VMware Workstation\\bin\\;C:\\Program Files\\Common Files\\Oracle\\Java\\javapath;C:\\Windows\\system32;C:\\Windows;C:\\Windows\\System32\\Wbem;C:\\Windows\\System32\\WindowsPowerShell\\v1.0\\;C:\\Windows\\System32\\OpenSSH\\;C:\\Program Files (x86)\\NVIDIA Corporation\\PhysX\\Common;C:\\Program Files\\NVIDIA Corporation\\NVIDIA NvDLISR;C:\\WINDOWS\\system32;C:\\WINDOWS;C:\\WINDOWS\\System32\\Wbem;C:\\WINDOWS\\System32\\WindowsPowerShell\\v1.0\\;C:\\WINDOWS\\System32\\OpenSSH\\;C:\\ProgramData\\chocolatey\\bin;C:\\Program Files\\Git\\cmd;C:\\Program Files\\nodejs\\;C:\\Program Files\\Polyspace\\R2021a\\runtime\\win64;C:\\Program Files\\Polyspace\\R2021a\\bin;C:\\Program Files\\Polyspace\\R2021a\\polyspace\\bin;C:\\wamp64\\bin\\php\\php8.0.26;C:\\composer;C:\\WINDOWS\\system32\\config\\systemprofile\\AppData\\Local\\Microsoft\\WindowsApps'
    'SystemRoot' => 'C:\\WINDOWS'
    'COMSPEC' => 'C:\\WINDOWS\\system32\\cmd.exe'
    'PATHEXT' => '.COM;.EXE;.BAT;.CMD;.VBS;.VBE;.JS;.JSE;.WSF;.WSH;.MSC'
    'WINDIR' => 'C:\\WINDOWS'
    'SERVER_SIGNATURE' => '<address>Apache/2.4.54 (Win64) PHP/8.0.26 mod_fcgid/2.3.10-dev Server at localhost Port 80</address>
'
    'SERVER_SOFTWARE' => 'Apache/2.4.54 (Win64) PHP/8.0.26 mod_fcgid/2.3.10-dev'
    'SERVER_NAME' => 'localhost'
    'SERVER_ADDR' => '::1'
    'SERVER_PORT' => '80'
    'REMOTE_ADDR' => '::1'
    'DOCUMENT_ROOT' => 'C:/wamp64/www'
    'REQUEST_SCHEME' => 'http'
    'CONTEXT_PREFIX' => ''
    'CONTEXT_DOCUMENT_ROOT' => 'C:/wamp64/www'
    'SERVER_ADMIN' => 'wampserver@wampserver.invalid'
    'SCRIPT_FILENAME' => 'C:/wamp64/www/ptweb/web/index.php'
    'REMOTE_PORT' => '56608'
    'GATEWAY_INTERFACE' => 'CGI/1.1'
    'SERVER_PROTOCOL' => 'HTTP/1.1'
    'REQUEST_METHOD' => 'GET'
    'QUERY_STRING' => 'r=site%2Findex'
    'REQUEST_URI' => '/ptweb/web/index.php?r=site%2Findex'
    'SCRIPT_NAME' => '/ptweb/web/index.php'
    'PHP_SELF' => '/ptweb/web/index.php'
    'REQUEST_TIME_FLOAT' => 1703223917.4785
    'REQUEST_TIME' => 1703223917
]
2023-12-22 05:49:18 [::1][4][t75hahpc99fsl3lmu60lg1fqvv][error][TypeError] TypeError: strncmp(): Argument #1 ($string1) must be of type string, array given in C:\wamp64\www\ptweb\vendor\yiisoft\yii2\base\View.php:172
Stack trace:
#0 C:\wamp64\www\ptweb\vendor\yiisoft\yii2\base\View.php(172): strncmp(Array, '@', 1)
#1 C:\wamp64\www\ptweb\vendor\yiisoft\yii2\base\View.php(155): yii\base\View->findViewFile(Array, NULL)
#2 C:\wamp64\www\ptweb\views\site\index.php(39): yii\base\View->render(Array)
#3 C:\wamp64\www\ptweb\vendor\yiisoft\yii2\base\View.php(347): require('C:\\wamp64\\www\\p...')
#4 C:\wamp64\www\ptweb\vendor\yiisoft\yii2\base\View.php(257): yii\base\View->renderPhpFile('C:\\wamp64\\www\\p...', Array)
#5 C:\wamp64\www\ptweb\vendor\yiisoft\yii2\base\View.php(156): yii\base\View->renderFile('C:\\wamp64\\www\\p...', Array, Object(app\controllers\SiteController))
#6 C:\wamp64\www\ptweb\vendor\yiisoft\yii2\base\Controller.php(407): yii\base\View->render('index', Array, Object(app\controllers\SiteController))
#7 C:\wamp64\www\ptweb\controllers\SiteController.php(79): yii\base\Controller->render('index')
#8 [internal function]: app\controllers\SiteController->actionIndex()
#9 C:\wamp64\www\ptweb\vendor\yiisoft\yii2\base\InlineAction.php(57): call_user_func_array(Array, Array)
#10 C:\wamp64\www\ptweb\vendor\yiisoft\yii2\base\Controller.php(178): yii\base\InlineAction->runWithParams(Array)
#11 C:\wamp64\www\ptweb\vendor\yiisoft\yii2\base\Module.php(552): yii\base\Controller->runAction('index', Array)
#12 C:\wamp64\www\ptweb\vendor\yiisoft\yii2\web\Application.php(103): yii\base\Module->runAction('site/index', Array)
#13 C:\wamp64\www\ptweb\vendor\yiisoft\yii2\base\Application.php(385): yii\web\Application->handleRequest(Object(yii\web\Request))
#14 C:\wamp64\www\ptweb\web\index.php(12): yii\base\Application->run()
#15 {main}
2023-12-22 05:49:17 [::1][4][t75hahpc99fsl3lmu60lg1fqvv][info][application] $_GET = [
    'r' => 'site/index'
]

$_POST = []

$_FILES = []

$_COOKIE = [
    'PHPSESSID' => 't75hahpc99fsl3lmu60lg1fqvv'
    '_identity' => 'd84da8241bcdd26ef5b90a6cf77d2bad3d1822af5a76ca667eb524e4ef46d9fba:2:{i:0;s:9:\"_identity\";i:1;s:16:\"[4,null,2592000]\";}'
    '_csrf' => 'dc1c74d11cc1a41dbe3f720937e200b972506068f02073cfa7558a2841657a37a:2:{i:0;s:5:\"_csrf\";i:1;s:32:\"hOBZV6OlorV2TFiZ99LaCPINFzjM0mQl\";}'
    'sidebar-collapse' => 'true'
    'sidebar-mini' => 'true'
    'dropdown-legacy' => 'false'
]

$_SESSION = [
    '__flash' => []
    '__returnUrl' => 'http://localhost/ptweb/web/index.php?r=site%2Fuser-profile&id=1'
    '__id' => 4
    '__authKey' => null
]

$_SERVER = [
    'HTTP_HOST' => 'localhost'
    'HTTP_CONNECTION' => 'keep-alive'
    'HTTP_CACHE_CONTROL' => 'max-age=0'
    'HTTP_SEC_CH_UA' => '\"Not_A Brand\";v=\"8\", \"Chromium\";v=\"120\", \"Google Chrome\";v=\"120\"'
    'HTTP_SEC_CH_UA_MOBILE' => '?0'
    'HTTP_SEC_CH_UA_PLATFORM' => '\"Windows\"'
    'HTTP_UPGRADE_INSECURE_REQUESTS' => '1'
    'HTTP_USER_AGENT' => 'Mozilla/5.0 (Windows NT 10.0; Win64; x64) AppleWebKit/537.36 (KHTML, like Gecko) Chrome/120.0.0.0 Safari/537.36'
    'HTTP_ACCEPT' => 'text/html,application/xhtml+xml,application/xml;q=0.9,image/avif,image/webp,image/apng,*/*;q=0.8,application/signed-exchange;v=b3;q=0.7'
    'HTTP_SEC_FETCH_SITE' => 'same-origin'
    'HTTP_SEC_FETCH_MODE' => 'navigate'
    'HTTP_SEC_FETCH_USER' => '?1'
    'HTTP_SEC_FETCH_DEST' => 'document'
    'HTTP_REFERER' => 'http://localhost/ptweb/web/index.php'
    'HTTP_ACCEPT_ENCODING' => 'gzip, deflate, br'
    'HTTP_ACCEPT_LANGUAGE' => 'vi-VN,vi;q=0.9,fr-FR;q=0.8,fr;q=0.7,en-US;q=0.6,en;q=0.5'
    'HTTP_COOKIE' => 'PHPSESSID=t75hahpc99fsl3lmu60lg1fqvv; _identity=d84da8241bcdd26ef5b90a6cf77d2bad3d1822af5a76ca667eb524e4ef46d9fba%3A2%3A%7Bi%3A0%3Bs%3A9%3A%22_identity%22%3Bi%3A1%3Bs%3A16%3A%22%5B4%2Cnull%2C2592000%5D%22%3B%7D; _csrf=dc1c74d11cc1a41dbe3f720937e200b972506068f02073cfa7558a2841657a37a%3A2%3A%7Bi%3A0%3Bs%3A5%3A%22_csrf%22%3Bi%3A1%3Bs%3A32%3A%22hOBZV6OlorV2TFiZ99LaCPINFzjM0mQl%22%3B%7D; sidebar-collapse=true; sidebar-mini=true; dropdown-legacy=false'
    'PATH' => 'C:\\Program Files (x86)\\VMware\\VMware Workstation\\bin\\;C:\\Program Files\\Common Files\\Oracle\\Java\\javapath;C:\\Windows\\system32;C:\\Windows;C:\\Windows\\System32\\Wbem;C:\\Windows\\System32\\WindowsPowerShell\\v1.0\\;C:\\Windows\\System32\\OpenSSH\\;C:\\Program Files (x86)\\NVIDIA Corporation\\PhysX\\Common;C:\\Program Files\\NVIDIA Corporation\\NVIDIA NvDLISR;C:\\WINDOWS\\system32;C:\\WINDOWS;C:\\WINDOWS\\System32\\Wbem;C:\\WINDOWS\\System32\\WindowsPowerShell\\v1.0\\;C:\\WINDOWS\\System32\\OpenSSH\\;C:\\ProgramData\\chocolatey\\bin;C:\\Program Files\\Git\\cmd;C:\\Program Files\\nodejs\\;C:\\Program Files\\Polyspace\\R2021a\\runtime\\win64;C:\\Program Files\\Polyspace\\R2021a\\bin;C:\\Program Files\\Polyspace\\R2021a\\polyspace\\bin;C:\\wamp64\\bin\\php\\php8.0.26;C:\\composer;C:\\WINDOWS\\system32\\config\\systemprofile\\AppData\\Local\\Microsoft\\WindowsApps'
    'SystemRoot' => 'C:\\WINDOWS'
    'COMSPEC' => 'C:\\WINDOWS\\system32\\cmd.exe'
    'PATHEXT' => '.COM;.EXE;.BAT;.CMD;.VBS;.VBE;.JS;.JSE;.WSF;.WSH;.MSC'
    'WINDIR' => 'C:\\WINDOWS'
    'SERVER_SIGNATURE' => '<address>Apache/2.4.54 (Win64) PHP/8.0.26 mod_fcgid/2.3.10-dev Server at localhost Port 80</address>
'
    'SERVER_SOFTWARE' => 'Apache/2.4.54 (Win64) PHP/8.0.26 mod_fcgid/2.3.10-dev'
    'SERVER_NAME' => 'localhost'
    'SERVER_ADDR' => '::1'
    'SERVER_PORT' => '80'
    'REMOTE_ADDR' => '::1'
    'DOCUMENT_ROOT' => 'C:/wamp64/www'
    'REQUEST_SCHEME' => 'http'
    'CONTEXT_PREFIX' => ''
    'CONTEXT_DOCUMENT_ROOT' => 'C:/wamp64/www'
    'SERVER_ADMIN' => 'wampserver@wampserver.invalid'
    'SCRIPT_FILENAME' => 'C:/wamp64/www/ptweb/web/index.php'
    'REMOTE_PORT' => '56736'
    'GATEWAY_INTERFACE' => 'CGI/1.1'
    'SERVER_PROTOCOL' => 'HTTP/1.1'
    'REQUEST_METHOD' => 'GET'
    'QUERY_STRING' => 'r=site%2Findex'
    'REQUEST_URI' => '/ptweb/web/index.php?r=site%2Findex'
    'SCRIPT_NAME' => '/ptweb/web/index.php'
    'PHP_SELF' => '/ptweb/web/index.php'
    'REQUEST_TIME_FLOAT' => 1703224157.9893
    'REQUEST_TIME' => 1703224157
]
2023-12-22 05:58:10 [::1][4][t75hahpc99fsl3lmu60lg1fqvv][error][TypeError] TypeError: strncmp(): Argument #1 ($string1) must be of type string, array given in C:\wamp64\www\ptweb\vendor\yiisoft\yii2\base\View.php:172
Stack trace:
#0 C:\wamp64\www\ptweb\vendor\yiisoft\yii2\base\View.php(172): strncmp(Array, '@', 1)
#1 C:\wamp64\www\ptweb\vendor\yiisoft\yii2\base\View.php(155): yii\base\View->findViewFile(Array, NULL)
#2 C:\wamp64\www\ptweb\views\site\index.php(39): yii\base\View->render(Array)
#3 C:\wamp64\www\ptweb\vendor\yiisoft\yii2\base\View.php(347): require('C:\\wamp64\\www\\p...')
#4 C:\wamp64\www\ptweb\vendor\yiisoft\yii2\base\View.php(257): yii\base\View->renderPhpFile('C:\\wamp64\\www\\p...', Array)
#5 C:\wamp64\www\ptweb\vendor\yiisoft\yii2\base\View.php(156): yii\base\View->renderFile('C:\\wamp64\\www\\p...', Array, Object(app\controllers\SiteController))
#6 C:\wamp64\www\ptweb\vendor\yiisoft\yii2\base\Controller.php(407): yii\base\View->render('index', Array, Object(app\controllers\SiteController))
#7 C:\wamp64\www\ptweb\controllers\SiteController.php(79): yii\base\Controller->render('index')
#8 [internal function]: app\controllers\SiteController->actionIndex()
#9 C:\wamp64\www\ptweb\vendor\yiisoft\yii2\base\InlineAction.php(57): call_user_func_array(Array, Array)
#10 C:\wamp64\www\ptweb\vendor\yiisoft\yii2\base\Controller.php(178): yii\base\InlineAction->runWithParams(Array)
#11 C:\wamp64\www\ptweb\vendor\yiisoft\yii2\base\Module.php(552): yii\base\Controller->runAction('index', Array)
#12 C:\wamp64\www\ptweb\vendor\yiisoft\yii2\web\Application.php(103): yii\base\Module->runAction('site/index', Array)
#13 C:\wamp64\www\ptweb\vendor\yiisoft\yii2\base\Application.php(385): yii\web\Application->handleRequest(Object(yii\web\Request))
#14 C:\wamp64\www\ptweb\web\index.php(12): yii\base\Application->run()
#15 {main}
2023-12-22 05:58:10 [::1][4][t75hahpc99fsl3lmu60lg1fqvv][info][application] $_GET = [
    'r' => 'site/index'
]

$_POST = []

$_FILES = []

$_COOKIE = [
    'PHPSESSID' => 't75hahpc99fsl3lmu60lg1fqvv'
    '_identity' => 'd84da8241bcdd26ef5b90a6cf77d2bad3d1822af5a76ca667eb524e4ef46d9fba:2:{i:0;s:9:\"_identity\";i:1;s:16:\"[4,null,2592000]\";}'
    '_csrf' => 'dc1c74d11cc1a41dbe3f720937e200b972506068f02073cfa7558a2841657a37a:2:{i:0;s:5:\"_csrf\";i:1;s:32:\"hOBZV6OlorV2TFiZ99LaCPINFzjM0mQl\";}'
    'sidebar-collapse' => 'true'
    'sidebar-mini' => 'true'
    'dropdown-legacy' => 'false'
]

$_SESSION = [
    '__flash' => []
    '__returnUrl' => 'http://localhost/ptweb/web/index.php?r=site%2Fuser-profile&id=1'
    '__id' => 4
    '__authKey' => null
]

$_SERVER = [
    'HTTP_HOST' => 'localhost'
    'HTTP_CONNECTION' => 'keep-alive'
    'HTTP_CACHE_CONTROL' => 'max-age=0'
    'HTTP_SEC_CH_UA' => '\"Not_A Brand\";v=\"8\", \"Chromium\";v=\"120\", \"Google Chrome\";v=\"120\"'
    'HTTP_SEC_CH_UA_MOBILE' => '?0'
    'HTTP_SEC_CH_UA_PLATFORM' => '\"Windows\"'
    'HTTP_UPGRADE_INSECURE_REQUESTS' => '1'
    'HTTP_USER_AGENT' => 'Mozilla/5.0 (Windows NT 10.0; Win64; x64) AppleWebKit/537.36 (KHTML, like Gecko) Chrome/120.0.0.0 Safari/537.36'
    'HTTP_ACCEPT' => 'text/html,application/xhtml+xml,application/xml;q=0.9,image/avif,image/webp,image/apng,*/*;q=0.8,application/signed-exchange;v=b3;q=0.7'
    'HTTP_SEC_FETCH_SITE' => 'same-origin'
    'HTTP_SEC_FETCH_MODE' => 'navigate'
    'HTTP_SEC_FETCH_USER' => '?1'
    'HTTP_SEC_FETCH_DEST' => 'document'
    'HTTP_REFERER' => 'http://localhost/ptweb/web/index.php'
    'HTTP_ACCEPT_ENCODING' => 'gzip, deflate, br'
    'HTTP_ACCEPT_LANGUAGE' => 'vi-VN,vi;q=0.9,fr-FR;q=0.8,fr;q=0.7,en-US;q=0.6,en;q=0.5'
    'HTTP_COOKIE' => 'PHPSESSID=t75hahpc99fsl3lmu60lg1fqvv; _identity=d84da8241bcdd26ef5b90a6cf77d2bad3d1822af5a76ca667eb524e4ef46d9fba%3A2%3A%7Bi%3A0%3Bs%3A9%3A%22_identity%22%3Bi%3A1%3Bs%3A16%3A%22%5B4%2Cnull%2C2592000%5D%22%3B%7D; _csrf=dc1c74d11cc1a41dbe3f720937e200b972506068f02073cfa7558a2841657a37a%3A2%3A%7Bi%3A0%3Bs%3A5%3A%22_csrf%22%3Bi%3A1%3Bs%3A32%3A%22hOBZV6OlorV2TFiZ99LaCPINFzjM0mQl%22%3B%7D; sidebar-collapse=true; sidebar-mini=true; dropdown-legacy=false'
    'PATH' => 'C:\\Program Files (x86)\\VMware\\VMware Workstation\\bin\\;C:\\Program Files\\Common Files\\Oracle\\Java\\javapath;C:\\Windows\\system32;C:\\Windows;C:\\Windows\\System32\\Wbem;C:\\Windows\\System32\\WindowsPowerShell\\v1.0\\;C:\\Windows\\System32\\OpenSSH\\;C:\\Program Files (x86)\\NVIDIA Corporation\\PhysX\\Common;C:\\Program Files\\NVIDIA Corporation\\NVIDIA NvDLISR;C:\\WINDOWS\\system32;C:\\WINDOWS;C:\\WINDOWS\\System32\\Wbem;C:\\WINDOWS\\System32\\WindowsPowerShell\\v1.0\\;C:\\WINDOWS\\System32\\OpenSSH\\;C:\\ProgramData\\chocolatey\\bin;C:\\Program Files\\Git\\cmd;C:\\Program Files\\nodejs\\;C:\\Program Files\\Polyspace\\R2021a\\runtime\\win64;C:\\Program Files\\Polyspace\\R2021a\\bin;C:\\Program Files\\Polyspace\\R2021a\\polyspace\\bin;C:\\wamp64\\bin\\php\\php8.0.26;C:\\composer;C:\\WINDOWS\\system32\\config\\systemprofile\\AppData\\Local\\Microsoft\\WindowsApps'
    'SystemRoot' => 'C:\\WINDOWS'
    'COMSPEC' => 'C:\\WINDOWS\\system32\\cmd.exe'
    'PATHEXT' => '.COM;.EXE;.BAT;.CMD;.VBS;.VBE;.JS;.JSE;.WSF;.WSH;.MSC'
    'WINDIR' => 'C:\\WINDOWS'
    'SERVER_SIGNATURE' => '<address>Apache/2.4.54 (Win64) PHP/8.0.26 mod_fcgid/2.3.10-dev Server at localhost Port 80</address>
'
    'SERVER_SOFTWARE' => 'Apache/2.4.54 (Win64) PHP/8.0.26 mod_fcgid/2.3.10-dev'
    'SERVER_NAME' => 'localhost'
    'SERVER_ADDR' => '::1'
    'SERVER_PORT' => '80'
    'REMOTE_ADDR' => '::1'
    'DOCUMENT_ROOT' => 'C:/wamp64/www'
    'REQUEST_SCHEME' => 'http'
    'CONTEXT_PREFIX' => ''
    'CONTEXT_DOCUMENT_ROOT' => 'C:/wamp64/www'
    'SERVER_ADMIN' => 'wampserver@wampserver.invalid'
    'SCRIPT_FILENAME' => 'C:/wamp64/www/ptweb/web/index.php'
    'REMOTE_PORT' => '57078'
    'GATEWAY_INTERFACE' => 'CGI/1.1'
    'SERVER_PROTOCOL' => 'HTTP/1.1'
    'REQUEST_METHOD' => 'GET'
    'QUERY_STRING' => 'r=site%2Findex'
    'REQUEST_URI' => '/ptweb/web/index.php?r=site%2Findex'
    'SCRIPT_NAME' => '/ptweb/web/index.php'
    'PHP_SELF' => '/ptweb/web/index.php'
    'REQUEST_TIME_FLOAT' => 1703224690.8831
    'REQUEST_TIME' => 1703224690
]
2023-12-22 05:59:58 [::1][4][t75hahpc99fsl3lmu60lg1fqvv][error][TypeError] TypeError: strncmp(): Argument #1 ($string1) must be of type string, array given in C:\wamp64\www\ptweb\vendor\yiisoft\yii2\base\View.php:172
Stack trace:
#0 C:\wamp64\www\ptweb\vendor\yiisoft\yii2\base\View.php(172): strncmp(Array, '@', 1)
#1 C:\wamp64\www\ptweb\vendor\yiisoft\yii2\base\View.php(155): yii\base\View->findViewFile(Array, NULL)
#2 C:\wamp64\www\ptweb\views\site\index.php(40): yii\base\View->render(Array)
#3 C:\wamp64\www\ptweb\vendor\yiisoft\yii2\base\View.php(347): require('C:\\wamp64\\www\\p...')
#4 C:\wamp64\www\ptweb\vendor\yiisoft\yii2\base\View.php(257): yii\base\View->renderPhpFile('C:\\wamp64\\www\\p...', Array)
#5 C:\wamp64\www\ptweb\vendor\yiisoft\yii2\base\View.php(156): yii\base\View->renderFile('C:\\wamp64\\www\\p...', Array, Object(app\controllers\SiteController))
#6 C:\wamp64\www\ptweb\vendor\yiisoft\yii2\base\Controller.php(407): yii\base\View->render('index', Array, Object(app\controllers\SiteController))
#7 C:\wamp64\www\ptweb\controllers\SiteController.php(79): yii\base\Controller->render('index')
#8 [internal function]: app\controllers\SiteController->actionIndex()
#9 C:\wamp64\www\ptweb\vendor\yiisoft\yii2\base\InlineAction.php(57): call_user_func_array(Array, Array)
#10 C:\wamp64\www\ptweb\vendor\yiisoft\yii2\base\Controller.php(178): yii\base\InlineAction->runWithParams(Array)
#11 C:\wamp64\www\ptweb\vendor\yiisoft\yii2\base\Module.php(552): yii\base\Controller->runAction('index', Array)
#12 C:\wamp64\www\ptweb\vendor\yiisoft\yii2\web\Application.php(103): yii\base\Module->runAction('site/index', Array)
#13 C:\wamp64\www\ptweb\vendor\yiisoft\yii2\base\Application.php(385): yii\web\Application->handleRequest(Object(yii\web\Request))
#14 C:\wamp64\www\ptweb\web\index.php(12): yii\base\Application->run()
#15 {main}
2023-12-22 05:59:58 [::1][4][t75hahpc99fsl3lmu60lg1fqvv][info][application] $_GET = [
    'r' => 'site/index'
]

$_POST = []

$_FILES = []

$_COOKIE = [
    'PHPSESSID' => 't75hahpc99fsl3lmu60lg1fqvv'
    '_identity' => 'd84da8241bcdd26ef5b90a6cf77d2bad3d1822af5a76ca667eb524e4ef46d9fba:2:{i:0;s:9:\"_identity\";i:1;s:16:\"[4,null,2592000]\";}'
    '_csrf' => 'dc1c74d11cc1a41dbe3f720937e200b972506068f02073cfa7558a2841657a37a:2:{i:0;s:5:\"_csrf\";i:1;s:32:\"hOBZV6OlorV2TFiZ99LaCPINFzjM0mQl\";}'
    'sidebar-collapse' => 'true'
    'sidebar-mini' => 'true'
    'dropdown-legacy' => 'false'
]

$_SESSION = [
    '__flash' => []
    '__returnUrl' => 'http://localhost/ptweb/web/index.php?r=site%2Fuser-profile&id=1'
    '__id' => 4
    '__authKey' => null
]

$_SERVER = [
    'HTTP_HOST' => 'localhost'
    'HTTP_CONNECTION' => 'keep-alive'
    'HTTP_CACHE_CONTROL' => 'max-age=0'
    'HTTP_SEC_CH_UA' => '\"Not_A Brand\";v=\"8\", \"Chromium\";v=\"120\", \"Google Chrome\";v=\"120\"'
    'HTTP_SEC_CH_UA_MOBILE' => '?0'
    'HTTP_SEC_CH_UA_PLATFORM' => '\"Windows\"'
    'HTTP_UPGRADE_INSECURE_REQUESTS' => '1'
    'HTTP_USER_AGENT' => 'Mozilla/5.0 (Windows NT 10.0; Win64; x64) AppleWebKit/537.36 (KHTML, like Gecko) Chrome/120.0.0.0 Safari/537.36'
    'HTTP_ACCEPT' => 'text/html,application/xhtml+xml,application/xml;q=0.9,image/avif,image/webp,image/apng,*/*;q=0.8,application/signed-exchange;v=b3;q=0.7'
    'HTTP_SEC_FETCH_SITE' => 'same-origin'
    'HTTP_SEC_FETCH_MODE' => 'navigate'
    'HTTP_SEC_FETCH_USER' => '?1'
    'HTTP_SEC_FETCH_DEST' => 'document'
    'HTTP_REFERER' => 'http://localhost/ptweb/web/index.php'
    'HTTP_ACCEPT_ENCODING' => 'gzip, deflate, br'
    'HTTP_ACCEPT_LANGUAGE' => 'vi-VN,vi;q=0.9,fr-FR;q=0.8,fr;q=0.7,en-US;q=0.6,en;q=0.5'
    'HTTP_COOKIE' => 'PHPSESSID=t75hahpc99fsl3lmu60lg1fqvv; _identity=d84da8241bcdd26ef5b90a6cf77d2bad3d1822af5a76ca667eb524e4ef46d9fba%3A2%3A%7Bi%3A0%3Bs%3A9%3A%22_identity%22%3Bi%3A1%3Bs%3A16%3A%22%5B4%2Cnull%2C2592000%5D%22%3B%7D; _csrf=dc1c74d11cc1a41dbe3f720937e200b972506068f02073cfa7558a2841657a37a%3A2%3A%7Bi%3A0%3Bs%3A5%3A%22_csrf%22%3Bi%3A1%3Bs%3A32%3A%22hOBZV6OlorV2TFiZ99LaCPINFzjM0mQl%22%3B%7D; sidebar-collapse=true; sidebar-mini=true; dropdown-legacy=false'
    'PATH' => 'C:\\Program Files (x86)\\VMware\\VMware Workstation\\bin\\;C:\\Program Files\\Common Files\\Oracle\\Java\\javapath;C:\\Windows\\system32;C:\\Windows;C:\\Windows\\System32\\Wbem;C:\\Windows\\System32\\WindowsPowerShell\\v1.0\\;C:\\Windows\\System32\\OpenSSH\\;C:\\Program Files (x86)\\NVIDIA Corporation\\PhysX\\Common;C:\\Program Files\\NVIDIA Corporation\\NVIDIA NvDLISR;C:\\WINDOWS\\system32;C:\\WINDOWS;C:\\WINDOWS\\System32\\Wbem;C:\\WINDOWS\\System32\\WindowsPowerShell\\v1.0\\;C:\\WINDOWS\\System32\\OpenSSH\\;C:\\ProgramData\\chocolatey\\bin;C:\\Program Files\\Git\\cmd;C:\\Program Files\\nodejs\\;C:\\Program Files\\Polyspace\\R2021a\\runtime\\win64;C:\\Program Files\\Polyspace\\R2021a\\bin;C:\\Program Files\\Polyspace\\R2021a\\polyspace\\bin;C:\\wamp64\\bin\\php\\php8.0.26;C:\\composer;C:\\WINDOWS\\system32\\config\\systemprofile\\AppData\\Local\\Microsoft\\WindowsApps'
    'SystemRoot' => 'C:\\WINDOWS'
    'COMSPEC' => 'C:\\WINDOWS\\system32\\cmd.exe'
    'PATHEXT' => '.COM;.EXE;.BAT;.CMD;.VBS;.VBE;.JS;.JSE;.WSF;.WSH;.MSC'
    'WINDIR' => 'C:\\WINDOWS'
    'SERVER_SIGNATURE' => '<address>Apache/2.4.54 (Win64) PHP/8.0.26 mod_fcgid/2.3.10-dev Server at localhost Port 80</address>
'
    'SERVER_SOFTWARE' => 'Apache/2.4.54 (Win64) PHP/8.0.26 mod_fcgid/2.3.10-dev'
    'SERVER_NAME' => 'localhost'
    'SERVER_ADDR' => '::1'
    'SERVER_PORT' => '80'
    'REMOTE_ADDR' => '::1'
    'DOCUMENT_ROOT' => 'C:/wamp64/www'
    'REQUEST_SCHEME' => 'http'
    'CONTEXT_PREFIX' => ''
    'CONTEXT_DOCUMENT_ROOT' => 'C:/wamp64/www'
    'SERVER_ADMIN' => 'wampserver@wampserver.invalid'
    'SCRIPT_FILENAME' => 'C:/wamp64/www/ptweb/web/index.php'
    'REMOTE_PORT' => '57153'
    'GATEWAY_INTERFACE' => 'CGI/1.1'
    'SERVER_PROTOCOL' => 'HTTP/1.1'
    'REQUEST_METHOD' => 'GET'
    'QUERY_STRING' => 'r=site%2Findex'
    'REQUEST_URI' => '/ptweb/web/index.php?r=site%2Findex'
    'SCRIPT_NAME' => '/ptweb/web/index.php'
    'PHP_SELF' => '/ptweb/web/index.php'
    'REQUEST_TIME_FLOAT' => 1703224798.1241
    'REQUEST_TIME' => 1703224798
]
2023-12-22 06:18:42 [::1][4][t75hahpc99fsl3lmu60lg1fqvv][error][yii\base\UnknownPropertyException] yii\base\UnknownPropertyException: Setting unknown property: hail812\adminlte\widgets\SmallBox::text2 in C:\wamp64\www\ptweb\vendor\yiisoft\yii2\base\Component.php:209
Stack trace:
#0 C:\wamp64\www\ptweb\vendor\yiisoft\yii2\BaseYii.php(558): yii\base\Component->__set('text2', 'Ph\xC3\xA2n lo\xE1\xBA\xA1i')
#1 C:\wamp64\www\ptweb\vendor\yiisoft\yii2\base\BaseObject.php(107): yii\BaseYii::configure(Object(hail812\adminlte\widgets\SmallBox), Array)
#2 [internal function]: yii\base\BaseObject->__construct(Array)
#3 C:\wamp64\www\ptweb\vendor\yiisoft\yii2\di\Container.php(419): ReflectionClass->newInstanceArgs(Array)
#4 C:\wamp64\www\ptweb\vendor\yiisoft\yii2\di\Container.php(170): yii\di\Container->build('hail812\\adminlt...', Array, Array)
#5 C:\wamp64\www\ptweb\vendor\yiisoft\yii2\BaseYii.php(365): yii\di\Container->get('hail812\\adminlt...', Array, Array)
#6 C:\wamp64\www\ptweb\vendor\yiisoft\yii2\base\Widget.php(89): yii\BaseYii::createObject(Array)
#7 C:\wamp64\www\ptweb\views\site\index.php(47): yii\base\Widget::begin(Array)
#8 C:\wamp64\www\ptweb\vendor\yiisoft\yii2\base\View.php(347): require('C:\\wamp64\\www\\p...')
#9 C:\wamp64\www\ptweb\vendor\yiisoft\yii2\base\View.php(257): yii\base\View->renderPhpFile('C:\\wamp64\\www\\p...', Array)
#10 C:\wamp64\www\ptweb\vendor\yiisoft\yii2\base\View.php(156): yii\base\View->renderFile('C:\\wamp64\\www\\p...', Array, Object(app\controllers\SiteController))
#11 C:\wamp64\www\ptweb\vendor\yiisoft\yii2\base\Controller.php(407): yii\base\View->render('index', Array, Object(app\controllers\SiteController))
#12 C:\wamp64\www\ptweb\controllers\SiteController.php(79): yii\base\Controller->render('index')
#13 [internal function]: app\controllers\SiteController->actionIndex()
#14 C:\wamp64\www\ptweb\vendor\yiisoft\yii2\base\InlineAction.php(57): call_user_func_array(Array, Array)
#15 C:\wamp64\www\ptweb\vendor\yiisoft\yii2\base\Controller.php(178): yii\base\InlineAction->runWithParams(Array)
#16 C:\wamp64\www\ptweb\vendor\yiisoft\yii2\base\Module.php(552): yii\base\Controller->runAction('index', Array)
#17 C:\wamp64\www\ptweb\vendor\yiisoft\yii2\web\Application.php(103): yii\base\Module->runAction('site/index', Array)
#18 C:\wamp64\www\ptweb\vendor\yiisoft\yii2\base\Application.php(385): yii\web\Application->handleRequest(Object(yii\web\Request))
#19 C:\wamp64\www\ptweb\web\index.php(12): yii\base\Application->run()
#20 {main}
2023-12-22 06:18:42 [::1][4][t75hahpc99fsl3lmu60lg1fqvv][info][application] $_GET = [
    'r' => 'site/index'
]

$_POST = []

$_FILES = []

$_COOKIE = [
    'PHPSESSID' => 't75hahpc99fsl3lmu60lg1fqvv'
    '_identity' => 'd84da8241bcdd26ef5b90a6cf77d2bad3d1822af5a76ca667eb524e4ef46d9fba:2:{i:0;s:9:\"_identity\";i:1;s:16:\"[4,null,2592000]\";}'
    '_csrf' => 'dc1c74d11cc1a41dbe3f720937e200b972506068f02073cfa7558a2841657a37a:2:{i:0;s:5:\"_csrf\";i:1;s:32:\"hOBZV6OlorV2TFiZ99LaCPINFzjM0mQl\";}'
    'sidebar-collapse' => 'true'
    'sidebar-mini' => 'true'
    'dropdown-legacy' => 'false'
]

$_SESSION = [
    '__flash' => []
    '__returnUrl' => 'http://localhost/ptweb/web/index.php?r=site%2Fuser-profile&id=1'
    '__id' => 4
    '__authKey' => null
]

$_SERVER = [
    'HTTP_HOST' => 'localhost'
    'HTTP_CONNECTION' => 'keep-alive'
    'HTTP_CACHE_CONTROL' => 'max-age=0'
    'HTTP_SEC_CH_UA' => '\"Not_A Brand\";v=\"8\", \"Chromium\";v=\"120\", \"Google Chrome\";v=\"120\"'
    'HTTP_SEC_CH_UA_MOBILE' => '?0'
    'HTTP_SEC_CH_UA_PLATFORM' => '\"Windows\"'
    'HTTP_UPGRADE_INSECURE_REQUESTS' => '1'
    'HTTP_USER_AGENT' => 'Mozilla/5.0 (Windows NT 10.0; Win64; x64) AppleWebKit/537.36 (KHTML, like Gecko) Chrome/120.0.0.0 Safari/537.36'
    'HTTP_ACCEPT' => 'text/html,application/xhtml+xml,application/xml;q=0.9,image/avif,image/webp,image/apng,*/*;q=0.8,application/signed-exchange;v=b3;q=0.7'
    'HTTP_SEC_FETCH_SITE' => 'same-origin'
    'HTTP_SEC_FETCH_MODE' => 'navigate'
    'HTTP_SEC_FETCH_USER' => '?1'
    'HTTP_SEC_FETCH_DEST' => 'document'
    'HTTP_REFERER' => 'http://localhost/ptweb/web/index.php'
    'HTTP_ACCEPT_ENCODING' => 'gzip, deflate, br'
    'HTTP_ACCEPT_LANGUAGE' => 'vi-VN,vi;q=0.9,fr-FR;q=0.8,fr;q=0.7,en-US;q=0.6,en;q=0.5'
    'HTTP_COOKIE' => 'PHPSESSID=t75hahpc99fsl3lmu60lg1fqvv; _identity=d84da8241bcdd26ef5b90a6cf77d2bad3d1822af5a76ca667eb524e4ef46d9fba%3A2%3A%7Bi%3A0%3Bs%3A9%3A%22_identity%22%3Bi%3A1%3Bs%3A16%3A%22%5B4%2Cnull%2C2592000%5D%22%3B%7D; _csrf=dc1c74d11cc1a41dbe3f720937e200b972506068f02073cfa7558a2841657a37a%3A2%3A%7Bi%3A0%3Bs%3A5%3A%22_csrf%22%3Bi%3A1%3Bs%3A32%3A%22hOBZV6OlorV2TFiZ99LaCPINFzjM0mQl%22%3B%7D; sidebar-collapse=true; sidebar-mini=true; dropdown-legacy=false'
    'PATH' => 'C:\\Program Files (x86)\\VMware\\VMware Workstation\\bin\\;C:\\Program Files\\Common Files\\Oracle\\Java\\javapath;C:\\Windows\\system32;C:\\Windows;C:\\Windows\\System32\\Wbem;C:\\Windows\\System32\\WindowsPowerShell\\v1.0\\;C:\\Windows\\System32\\OpenSSH\\;C:\\Program Files (x86)\\NVIDIA Corporation\\PhysX\\Common;C:\\Program Files\\NVIDIA Corporation\\NVIDIA NvDLISR;C:\\WINDOWS\\system32;C:\\WINDOWS;C:\\WINDOWS\\System32\\Wbem;C:\\WINDOWS\\System32\\WindowsPowerShell\\v1.0\\;C:\\WINDOWS\\System32\\OpenSSH\\;C:\\ProgramData\\chocolatey\\bin;C:\\Program Files\\Git\\cmd;C:\\Program Files\\nodejs\\;C:\\Program Files\\Polyspace\\R2021a\\runtime\\win64;C:\\Program Files\\Polyspace\\R2021a\\bin;C:\\Program Files\\Polyspace\\R2021a\\polyspace\\bin;C:\\wamp64\\bin\\php\\php8.0.26;C:\\composer;C:\\WINDOWS\\system32\\config\\systemprofile\\AppData\\Local\\Microsoft\\WindowsApps'
    'SystemRoot' => 'C:\\WINDOWS'
    'COMSPEC' => 'C:\\WINDOWS\\system32\\cmd.exe'
    'PATHEXT' => '.COM;.EXE;.BAT;.CMD;.VBS;.VBE;.JS;.JSE;.WSF;.WSH;.MSC'
    'WINDIR' => 'C:\\WINDOWS'
    'SERVER_SIGNATURE' => '<address>Apache/2.4.54 (Win64) PHP/8.0.26 mod_fcgid/2.3.10-dev Server at localhost Port 80</address>
'
    'SERVER_SOFTWARE' => 'Apache/2.4.54 (Win64) PHP/8.0.26 mod_fcgid/2.3.10-dev'
    'SERVER_NAME' => 'localhost'
    'SERVER_ADDR' => '::1'
    'SERVER_PORT' => '80'
    'REMOTE_ADDR' => '::1'
    'DOCUMENT_ROOT' => 'C:/wamp64/www'
    'REQUEST_SCHEME' => 'http'
    'CONTEXT_PREFIX' => ''
    'CONTEXT_DOCUMENT_ROOT' => 'C:/wamp64/www'
    'SERVER_ADMIN' => 'wampserver@wampserver.invalid'
    'SCRIPT_FILENAME' => 'C:/wamp64/www/ptweb/web/index.php'
    'REMOTE_PORT' => '57995'
    'GATEWAY_INTERFACE' => 'CGI/1.1'
    'SERVER_PROTOCOL' => 'HTTP/1.1'
    'REQUEST_METHOD' => 'GET'
    'QUERY_STRING' => 'r=site%2Findex'
    'REQUEST_URI' => '/ptweb/web/index.php?r=site%2Findex'
    'SCRIPT_NAME' => '/ptweb/web/index.php'
    'PHP_SELF' => '/ptweb/web/index.php'
    'REQUEST_TIME_FLOAT' => 1703225922.5921
    'REQUEST_TIME' => 1703225922
]
